<?xml version="1.0" encoding="UTF-8"?>
<testng-results ignored="4" total="39" passed="35" failed="0" skipped="0">
  <reporter-output>
  </reporter-output>
  <suite started-at="2022-03-17T12:49:53 IST" name="Suite" finished-at="2022-03-17T13:08:00 IST" duration-ms="1086656">
    <groups>
    </groups>
    <test started-at="2022-03-17T12:49:53 IST" name="TestOnChromeDriver" finished-at="2022-03-17T13:08:00 IST" duration-ms="1086656">
      <class name="Oxhead_excel.TestCases">
        <test-method is-config="true" signature="startReport()[pri:0, instance:Oxhead_excel.TestCases@1a6d8329]" started-at="2022-03-17T12:49:53 IST" name="startReport" finished-at="2022-03-17T12:49:54 IST" duration-ms="296" status="PASS">
          <reporter-output>
          </reporter-output>
        </test-method> <!-- startReport -->
        <test-method is-config="true" signature="setUp()[pri:0, instance:Oxhead_excel.TestCases@1a6d8329]" started-at="2022-03-17T12:49:54 IST" name="setUp" finished-at="2022-03-17T12:50:07 IST" duration-ms="13049" status="PASS">
          <reporter-output>
          </reporter-output>
        </test-method> <!-- setUp -->
        <test-method signature="click_On_Remeber_Me_CheckBox()[pri:1, instance:Oxhead_excel.TestCases@1a6d8329]" started-at="2022-03-17T12:50:07 IST" name="click_On_Remeber_Me_CheckBox" finished-at="2022-03-17T12:50:21 IST" duration-ms="13976" status="PASS">
          <reporter-output>
          </reporter-output>
        </test-method> <!-- click_On_Remeber_Me_CheckBox -->
        <test-method is-config="true" signature="getResult(org.testng.ITestResult)[pri:0, instance:Oxhead_excel.TestCases@1a6d8329]" started-at="2022-03-17T12:50:21 IST" name="getResult" finished-at="2022-03-17T12:50:22 IST" duration-ms="891" status="PASS">
          <params>
            <param index="0">
              <value>
                <![CDATA[[TestResult name=click_On_Remeber_Me_CheckBox status=SUCCESS method=TestCases.click_On_Remeber_Me_CheckBox()[pri:1, instance:Oxhead_excel.TestCases@1a6d8329] output={null}]]]>
              </value>
            </param>
          </params>
          <reporter-output>
          </reporter-output>
        </test-method> <!-- getResult -->
        <test-method is-config="true" signature="setUp()[pri:0, instance:Oxhead_excel.TestCases@1a6d8329]" started-at="2022-03-17T12:50:22 IST" name="setUp" finished-at="2022-03-17T12:50:34 IST" duration-ms="12205" status="PASS">
          <reporter-output>
          </reporter-output>
        </test-method> <!-- setUp -->
        <test-method signature="click_On_Lost_Your_Password_Link()[pri:2, instance:Oxhead_excel.TestCases@1a6d8329]" started-at="2022-03-17T12:50:34 IST" name="click_On_Lost_Your_Password_Link" finished-at="2022-03-17T12:50:42 IST" duration-ms="8458" status="PASS">
          <reporter-output>
          </reporter-output>
        </test-method> <!-- click_On_Lost_Your_Password_Link -->
        <test-method is-config="true" signature="getResult(org.testng.ITestResult)[pri:0, instance:Oxhead_excel.TestCases@1a6d8329]" started-at="2022-03-17T12:50:42 IST" name="getResult" finished-at="2022-03-17T12:50:43 IST" duration-ms="914" status="PASS">
          <params>
            <param index="0">
              <value>
                <![CDATA[[TestResult name=click_On_Lost_Your_Password_Link status=SUCCESS method=TestCases.click_On_Lost_Your_Password_Link()[pri:2, instance:Oxhead_excel.TestCases@1a6d8329] output={null}]]]>
              </value>
            </param>
          </params>
          <reporter-output>
          </reporter-output>
        </test-method> <!-- getResult -->
        <test-method is-config="true" signature="setUp()[pri:0, instance:Oxhead_excel.TestCases@1a6d8329]" started-at="2022-03-17T12:50:43 IST" name="setUp" finished-at="2022-03-17T12:50:53 IST" duration-ms="9495" status="PASS">
          <reporter-output>
          </reporter-output>
        </test-method> <!-- setUp -->
        <test-method signature="click_On_Create_An_Account_Link()[pri:7, instance:Oxhead_excel.TestCases@1a6d8329]" started-at="2022-03-17T12:50:53 IST" name="click_On_Create_An_Account_Link" finished-at="2022-03-17T12:50:58 IST" duration-ms="5761" status="PASS">
          <reporter-output>
          </reporter-output>
        </test-method> <!-- click_On_Create_An_Account_Link -->
        <test-method is-config="true" signature="getResult(org.testng.ITestResult)[pri:0, instance:Oxhead_excel.TestCases@1a6d8329]" started-at="2022-03-17T12:50:58 IST" name="getResult" finished-at="2022-03-17T12:50:59 IST" duration-ms="877" status="PASS">
          <params>
            <param index="0">
              <value>
                <![CDATA[[TestResult name=click_On_Create_An_Account_Link status=SUCCESS method=TestCases.click_On_Create_An_Account_Link()[pri:7, instance:Oxhead_excel.TestCases@1a6d8329] output={null}]]]>
              </value>
            </param>
          </params>
          <reporter-output>
          </reporter-output>
        </test-method> <!-- getResult -->
        <test-method is-config="true" signature="setUp()[pri:0, instance:Oxhead_excel.TestCases@1a6d8329]" started-at="2022-03-17T12:50:59 IST" name="setUp" finished-at="2022-03-17T12:51:08 IST" duration-ms="8592" status="PASS">
          <reporter-output>
          </reporter-output>
        </test-method> <!-- setUp -->
        <test-method signature="click_On_Cross_Mark_Button()[pri:8, instance:Oxhead_excel.TestCases@1a6d8329]" started-at="2022-03-17T12:51:08 IST" name="click_On_Cross_Mark_Button" finished-at="2022-03-17T12:51:10 IST" duration-ms="2241" status="PASS">
          <reporter-output>
          </reporter-output>
        </test-method> <!-- click_On_Cross_Mark_Button -->
        <test-method is-config="true" signature="getResult(org.testng.ITestResult)[pri:0, instance:Oxhead_excel.TestCases@1a6d8329]" started-at="2022-03-17T12:51:10 IST" name="getResult" finished-at="2022-03-17T12:51:11 IST" duration-ms="947" status="PASS">
          <params>
            <param index="0">
              <value>
                <![CDATA[[TestResult name=click_On_Cross_Mark_Button status=SUCCESS method=TestCases.click_On_Cross_Mark_Button()[pri:8, instance:Oxhead_excel.TestCases@1a6d8329] output={null}]]]>
              </value>
            </param>
          </params>
          <reporter-output>
          </reporter-output>
        </test-method> <!-- getResult -->
        <test-method is-config="true" signature="setUp()[pri:0, instance:Oxhead_excel.TestCases@1a6d8329]" started-at="2022-03-17T12:51:11 IST" name="setUp" finished-at="2022-03-17T12:51:23 IST" duration-ms="11890" status="PASS">
          <reporter-output>
          </reporter-output>
        </test-method> <!-- setUp -->
        <test-method signature="click_On_Close_Button()[pri:9, instance:Oxhead_excel.TestCases@1a6d8329]" started-at="2022-03-17T12:51:23 IST" name="click_On_Close_Button" finished-at="2022-03-17T12:51:24 IST" duration-ms="781" status="PASS">
          <reporter-output>
          </reporter-output>
        </test-method> <!-- click_On_Close_Button -->
        <test-method is-config="true" signature="getResult(org.testng.ITestResult)[pri:0, instance:Oxhead_excel.TestCases@1a6d8329]" started-at="2022-03-17T12:51:24 IST" name="getResult" finished-at="2022-03-17T12:51:25 IST" duration-ms="1079" status="PASS">
          <params>
            <param index="0">
              <value>
                <![CDATA[[TestResult name=click_On_Close_Button status=SUCCESS method=TestCases.click_On_Close_Button()[pri:9, instance:Oxhead_excel.TestCases@1a6d8329] output={null}]]]>
              </value>
            </param>
          </params>
          <reporter-output>
          </reporter-output>
        </test-method> <!-- getResult -->
        <test-method is-config="true" signature="setUp()[pri:0, instance:Oxhead_excel.TestCases@1a6d8329]" started-at="2022-03-17T12:51:25 IST" name="setUp" finished-at="2022-03-17T12:51:36 IST" duration-ms="10626" status="PASS">
          <reporter-output>
          </reporter-output>
        </test-method> <!-- setUp -->
        <test-method signature="Customer_Ablet_To_Do_SignUp_With_Valid_Email_Address()[pri:10, instance:Oxhead_excel.TestCases@1a6d8329]" started-at="2022-03-17T12:51:36 IST" name="Customer_Ablet_To_Do_SignUp_With_Valid_Email_Address" finished-at="2022-03-17T12:51:44 IST" duration-ms="8957" status="PASS">
          <reporter-output>
          </reporter-output>
        </test-method> <!-- Customer_Ablet_To_Do_SignUp_With_Valid_Email_Address -->
        <test-method is-config="true" signature="getResult(org.testng.ITestResult)[pri:0, instance:Oxhead_excel.TestCases@1a6d8329]" started-at="2022-03-17T12:51:44 IST" name="getResult" finished-at="2022-03-17T12:51:45 IST" duration-ms="833" status="PASS">
          <params>
            <param index="0">
              <value>
                <![CDATA[[TestResult name=Customer_Ablet_To_Do_SignUp_With_Valid_Email_Address status=SUCCESS method=TestCases.Customer_Ablet_To_Do_SignUp_With_Valid_Email_Address()[pri:10, instance:Oxhead_excel.TestCases@1a6d8329] output={null}]]]>
              </value>
            </param>
          </params>
          <reporter-output>
          </reporter-output>
        </test-method> <!-- getResult -->
        <test-method is-config="true" signature="setUp()[pri:0, instance:Oxhead_excel.TestCases@1a6d8329]" started-at="2022-03-17T12:51:45 IST" name="setUp" finished-at="2022-03-17T12:51:57 IST" duration-ms="11465" status="PASS">
          <reporter-output>
          </reporter-output>
        </test-method> <!-- setUp -->
        <test-method signature="Customer_is_able_to_enter_products_in_the_Search_for_Products_text_box()[pri:11, instance:Oxhead_excel.TestCases@1a6d8329]" started-at="2022-03-17T12:51:57 IST" name="Customer_is_able_to_enter_products_in_the_Search_for_Products_text_box" finished-at="2022-03-17T12:52:18 IST" duration-ms="21097" status="PASS">
          <reporter-output>
          </reporter-output>
        </test-method> <!-- Customer_is_able_to_enter_products_in_the_Search_for_Products_text_box -->
        <test-method is-config="true" signature="getResult(org.testng.ITestResult)[pri:0, instance:Oxhead_excel.TestCases@1a6d8329]" started-at="2022-03-17T12:52:18 IST" name="getResult" finished-at="2022-03-17T12:52:19 IST" duration-ms="1006" status="PASS">
          <params>
            <param index="0">
              <value>
                <![CDATA[[TestResult name=Customer_is_able_to_enter_products_in_the_Search_for_Products_text_box status=SUCCESS method=TestCases.Customer_is_able_to_enter_products_in_the_Search_for_Products_text_box()[pri:11, instance:Oxhead_excel.TestCases@1a6d8329] output={null}]]]>
              </value>
            </param>
          </params>
          <reporter-output>
          </reporter-output>
        </test-method> <!-- getResult -->
        <test-method is-config="true" signature="setUp()[pri:0, instance:Oxhead_excel.TestCases@1a6d8329]" started-at="2022-03-17T12:52:19 IST" name="setUp" finished-at="2022-03-17T12:52:30 IST" duration-ms="11577" status="PASS">
          <reporter-output>
          </reporter-output>
        </test-method> <!-- setUp -->
        <test-method signature="Customer_is_able_to_see_No_products_were_found_matching_your_selection_message()[pri:12, instance:Oxhead_excel.TestCases@1a6d8329]" started-at="2022-03-17T12:52:30 IST" name="Customer_is_able_to_see_No_products_were_found_matching_your_selection_message" finished-at="2022-03-17T12:52:46 IST" duration-ms="15334" status="PASS">
          <reporter-output>
          </reporter-output>
        </test-method> <!-- Customer_is_able_to_see_No_products_were_found_matching_your_selection_message -->
        <test-method is-config="true" signature="getResult(org.testng.ITestResult)[pri:0, instance:Oxhead_excel.TestCases@1a6d8329]" started-at="2022-03-17T12:52:46 IST" name="getResult" finished-at="2022-03-17T12:52:47 IST" duration-ms="836" status="PASS">
          <params>
            <param index="0">
              <value>
                <![CDATA[[TestResult name=Customer_is_able_to_see_No_products_were_found_matching_your_selection_message status=SUCCESS method=TestCases.Customer_is_able_to_see_No_products_were_found_matching_your_selection_message()[pri:12, instance:Oxhead_excel.TestCases@1a6d8329] output={null}]]]>
              </value>
            </param>
          </params>
          <reporter-output>
          </reporter-output>
        </test-method> <!-- getResult -->
        <test-method is-config="true" signature="setUp()[pri:0, instance:Oxhead_excel.TestCases@1a6d8329]" started-at="2022-03-17T12:52:47 IST" name="setUp" finished-at="2022-03-17T12:52:57 IST" duration-ms="10048" status="PASS">
          <reporter-output>
          </reporter-output>
        </test-method> <!-- setUp -->
        <test-method signature="select_Allproducts_option_in_the_select_category()[pri:13, instance:Oxhead_excel.TestCases@1a6d8329]" started-at="2022-03-17T12:52:57 IST" name="select_Allproducts_option_in_the_select_category" finished-at="2022-03-17T12:53:14 IST" duration-ms="17471" status="PASS">
          <reporter-output>
          </reporter-output>
        </test-method> <!-- select_Allproducts_option_in_the_select_category -->
        <test-method is-config="true" signature="getResult(org.testng.ITestResult)[pri:0, instance:Oxhead_excel.TestCases@1a6d8329]" started-at="2022-03-17T12:53:14 IST" name="getResult" finished-at="2022-03-17T12:53:15 IST" duration-ms="814" status="PASS">
          <params>
            <param index="0">
              <value>
                <![CDATA[[TestResult name=select_Allproducts_option_in_the_select_category status=SUCCESS method=TestCases.select_Allproducts_option_in_the_select_category()[pri:13, instance:Oxhead_excel.TestCases@1a6d8329] output={null}]]]>
              </value>
            </param>
          </params>
          <reporter-output>
          </reporter-output>
        </test-method> <!-- getResult -->
        <test-method is-config="true" signature="setUp()[pri:0, instance:Oxhead_excel.TestCases@1a6d8329]" started-at="2022-03-17T12:53:15 IST" name="setUp" finished-at="2022-03-17T12:53:27 IST" duration-ms="12537" status="PASS">
          <reporter-output>
          </reporter-output>
        </test-method> <!-- setUp -->
        <test-method signature="select_Gold_option_in_the_select_category()[pri:14, instance:Oxhead_excel.TestCases@1a6d8329]" started-at="2022-03-17T12:53:27 IST" name="select_Gold_option_in_the_select_category" finished-at="2022-03-17T12:53:44 IST" duration-ms="16564" status="PASS">
          <reporter-output>
          </reporter-output>
        </test-method> <!-- select_Gold_option_in_the_select_category -->
        <test-method is-config="true" signature="getResult(org.testng.ITestResult)[pri:0, instance:Oxhead_excel.TestCases@1a6d8329]" started-at="2022-03-17T12:53:44 IST" name="getResult" finished-at="2022-03-17T12:53:45 IST" duration-ms="950" status="PASS">
          <params>
            <param index="0">
              <value>
                <![CDATA[[TestResult name=select_Gold_option_in_the_select_category status=SUCCESS method=TestCases.select_Gold_option_in_the_select_category()[pri:14, instance:Oxhead_excel.TestCases@1a6d8329] output={null}]]]>
              </value>
            </param>
          </params>
          <reporter-output>
          </reporter-output>
        </test-method> <!-- getResult -->
        <test-method is-config="true" signature="setUp()[pri:0, instance:Oxhead_excel.TestCases@1a6d8329]" started-at="2022-03-17T12:53:45 IST" name="setUp" finished-at="2022-03-17T12:54:00 IST" duration-ms="14932" status="PASS">
          <reporter-output>
          </reporter-output>
        </test-method> <!-- setUp -->
        <test-method signature="select_Membership_option_in_the_select_category()[pri:15, instance:Oxhead_excel.TestCases@1a6d8329]" started-at="2022-03-17T12:54:00 IST" name="select_Membership_option_in_the_select_category" finished-at="2022-03-17T12:54:23 IST" duration-ms="23168" status="PASS">
          <reporter-output>
          </reporter-output>
        </test-method> <!-- select_Membership_option_in_the_select_category -->
        <test-method is-config="true" signature="getResult(org.testng.ITestResult)[pri:0, instance:Oxhead_excel.TestCases@1a6d8329]" started-at="2022-03-17T12:54:23 IST" name="getResult" finished-at="2022-03-17T12:54:24 IST" duration-ms="797" status="PASS">
          <params>
            <param index="0">
              <value>
                <![CDATA[[TestResult name=select_Membership_option_in_the_select_category status=SUCCESS method=TestCases.select_Membership_option_in_the_select_category()[pri:15, instance:Oxhead_excel.TestCases@1a6d8329] output={null}]]]>
              </value>
            </param>
          </params>
          <reporter-output>
          </reporter-output>
        </test-method> <!-- getResult -->
        <test-method is-config="true" signature="setUp()[pri:0, instance:Oxhead_excel.TestCases@1a6d8329]" started-at="2022-03-17T12:54:24 IST" name="setUp" finished-at="2022-03-17T12:54:33 IST" duration-ms="9575" status="PASS">
          <reporter-output>
          </reporter-output>
        </test-method> <!-- setUp -->
        <test-method signature="select_Palladium_option_in_the_select_category()[pri:16, instance:Oxhead_excel.TestCases@1a6d8329]" started-at="2022-03-17T12:54:33 IST" name="select_Palladium_option_in_the_select_category" finished-at="2022-03-17T12:54:49 IST" duration-ms="15064" status="PASS">
          <reporter-output>
          </reporter-output>
        </test-method> <!-- select_Palladium_option_in_the_select_category -->
        <test-method is-config="true" signature="getResult(org.testng.ITestResult)[pri:0, instance:Oxhead_excel.TestCases@1a6d8329]" started-at="2022-03-17T12:54:49 IST" name="getResult" finished-at="2022-03-17T12:54:49 IST" duration-ms="879" status="PASS">
          <params>
            <param index="0">
              <value>
                <![CDATA[[TestResult name=select_Palladium_option_in_the_select_category status=SUCCESS method=TestCases.select_Palladium_option_in_the_select_category()[pri:16, instance:Oxhead_excel.TestCases@1a6d8329] output={null}]]]>
              </value>
            </param>
          </params>
          <reporter-output>
          </reporter-output>
        </test-method> <!-- getResult -->
        <test-method is-config="true" signature="setUp()[pri:0, instance:Oxhead_excel.TestCases@1a6d8329]" started-at="2022-03-17T12:54:49 IST" name="setUp" finished-at="2022-03-17T12:54:58 IST" duration-ms="8686" status="PASS">
          <reporter-output>
          </reporter-output>
        </test-method> <!-- setUp -->
        <test-method signature="select_Platinum_option_in_the_select_category()[pri:17, instance:Oxhead_excel.TestCases@1a6d8329]" started-at="2022-03-17T12:54:58 IST" name="select_Platinum_option_in_the_select_category" finished-at="2022-03-17T12:55:17 IST" duration-ms="19192" status="PASS">
          <reporter-output>
          </reporter-output>
        </test-method> <!-- select_Platinum_option_in_the_select_category -->
        <test-method is-config="true" signature="getResult(org.testng.ITestResult)[pri:0, instance:Oxhead_excel.TestCases@1a6d8329]" started-at="2022-03-17T12:55:17 IST" name="getResult" finished-at="2022-03-17T12:55:18 IST" duration-ms="1106" status="PASS">
          <params>
            <param index="0">
              <value>
                <![CDATA[[TestResult name=select_Platinum_option_in_the_select_category status=SUCCESS method=TestCases.select_Platinum_option_in_the_select_category()[pri:17, instance:Oxhead_excel.TestCases@1a6d8329] output={null}]]]>
              </value>
            </param>
          </params>
          <reporter-output>
          </reporter-output>
        </test-method> <!-- getResult -->
        <test-method is-config="true" signature="setUp()[pri:0, instance:Oxhead_excel.TestCases@1a6d8329]" started-at="2022-03-17T12:55:18 IST" name="setUp" finished-at="2022-03-17T12:55:28 IST" duration-ms="9187" status="PASS">
          <reporter-output>
          </reporter-output>
        </test-method> <!-- setUp -->
        <test-method signature="select_Silver_option_in_the_select_category()[pri:18, instance:Oxhead_excel.TestCases@1a6d8329]" started-at="2022-03-17T12:55:28 IST" name="select_Silver_option_in_the_select_category" finished-at="2022-03-17T12:55:47 IST" duration-ms="19109" status="PASS">
          <reporter-output>
          </reporter-output>
        </test-method> <!-- select_Silver_option_in_the_select_category -->
        <test-method is-config="true" signature="getResult(org.testng.ITestResult)[pri:0, instance:Oxhead_excel.TestCases@1a6d8329]" started-at="2022-03-17T12:55:47 IST" name="getResult" finished-at="2022-03-17T12:55:48 IST" duration-ms="821" status="PASS">
          <params>
            <param index="0">
              <value>
                <![CDATA[[TestResult name=select_Silver_option_in_the_select_category status=SUCCESS method=TestCases.select_Silver_option_in_the_select_category()[pri:18, instance:Oxhead_excel.TestCases@1a6d8329] output={null}]]]>
              </value>
            </param>
          </params>
          <reporter-output>
          </reporter-output>
        </test-method> <!-- getResult -->
        <test-method is-config="true" signature="setUp()[pri:0, instance:Oxhead_excel.TestCases@1a6d8329]" started-at="2022-03-17T12:55:48 IST" name="setUp" finished-at="2022-03-17T12:56:01 IST" duration-ms="13642" status="PASS">
          <reporter-output>
          </reporter-output>
        </test-method> <!-- setUp -->
        <test-method signature="select_Blank_option_in_the_select_category()[pri:19, instance:Oxhead_excel.TestCases@1a6d8329]" started-at="2022-03-17T12:56:01 IST" name="select_Blank_option_in_the_select_category" finished-at="2022-03-17T12:56:18 IST" duration-ms="17026" status="PASS">
          <reporter-output>
          </reporter-output>
        </test-method> <!-- select_Blank_option_in_the_select_category -->
        <test-method is-config="true" signature="getResult(org.testng.ITestResult)[pri:0, instance:Oxhead_excel.TestCases@1a6d8329]" started-at="2022-03-17T12:56:18 IST" name="getResult" finished-at="2022-03-17T12:56:19 IST" duration-ms="1010" status="PASS">
          <params>
            <param index="0">
              <value>
                <![CDATA[[TestResult name=select_Blank_option_in_the_select_category status=SUCCESS method=TestCases.select_Blank_option_in_the_select_category()[pri:19, instance:Oxhead_excel.TestCases@1a6d8329] output={null}]]]>
              </value>
            </param>
          </params>
          <reporter-output>
          </reporter-output>
        </test-method> <!-- getResult -->
        <test-method is-config="true" signature="setUp()[pri:0, instance:Oxhead_excel.TestCases@1a6d8329]" started-at="2022-03-17T12:56:19 IST" name="setUp" finished-at="2022-03-17T12:56:32 IST" duration-ms="12544" status="PASS">
          <reporter-output>
          </reporter-output>
        </test-method> <!-- setUp -->
        <test-method signature="see_The_Bar_In_The_Palladium_Bullion()[pri:20, instance:Oxhead_excel.TestCases@1a6d8329]" started-at="2022-03-17T12:56:32 IST" name="see_The_Bar_In_The_Palladium_Bullion" finished-at="2022-03-17T12:56:51 IST" duration-ms="19002" status="PASS">
          <reporter-output>
          </reporter-output>
        </test-method> <!-- see_The_Bar_In_The_Palladium_Bullion -->
        <test-method is-config="true" signature="getResult(org.testng.ITestResult)[pri:0, instance:Oxhead_excel.TestCases@1a6d8329]" started-at="2022-03-17T12:56:51 IST" name="getResult" finished-at="2022-03-17T12:56:52 IST" duration-ms="876" status="PASS">
          <params>
            <param index="0">
              <value>
                <![CDATA[[TestResult name=see_The_Bar_In_The_Palladium_Bullion status=SUCCESS method=TestCases.see_The_Bar_In_The_Palladium_Bullion()[pri:20, instance:Oxhead_excel.TestCases@1a6d8329] output={null}]]]>
              </value>
            </param>
          </params>
          <reporter-output>
          </reporter-output>
        </test-method> <!-- getResult -->
        <test-method is-config="true" signature="setUp()[pri:0, instance:Oxhead_excel.TestCases@1a6d8329]" started-at="2022-03-17T12:56:52 IST" name="setUp" finished-at="2022-03-17T12:57:06 IST" duration-ms="14063" status="PASS">
          <reporter-output>
          </reporter-output>
        </test-method> <!-- setUp -->
        <test-method signature="Customer_is_able_to_do_the_payment_method_process()[pri:21, instance:Oxhead_excel.TestCases@1a6d8329]" started-at="2022-03-17T12:57:06 IST" name="Customer_is_able_to_do_the_payment_method_process" finished-at="2022-03-17T12:57:37 IST" duration-ms="31183" status="PASS">
          <reporter-output>
          </reporter-output>
        </test-method> <!-- Customer_is_able_to_do_the_payment_method_process -->
        <test-method is-config="true" signature="getResult(org.testng.ITestResult)[pri:0, instance:Oxhead_excel.TestCases@1a6d8329]" started-at="2022-03-17T12:57:37 IST" name="getResult" finished-at="2022-03-17T12:57:38 IST" duration-ms="847" status="PASS">
          <params>
            <param index="0">
              <value>
                <![CDATA[[TestResult name=Customer_is_able_to_do_the_payment_method_process status=SUCCESS method=TestCases.Customer_is_able_to_do_the_payment_method_process()[pri:21, instance:Oxhead_excel.TestCases@1a6d8329] output={null}]]]>
              </value>
            </param>
          </params>
          <reporter-output>
          </reporter-output>
        </test-method> <!-- getResult -->
        <test-method is-config="true" signature="setUp()[pri:0, instance:Oxhead_excel.TestCases@1a6d8329]" started-at="2022-03-17T12:57:38 IST" name="setUp" finished-at="2022-03-17T12:57:47 IST" duration-ms="9234" status="PASS">
          <reporter-output>
          </reporter-output>
        </test-method> <!-- setUp -->
        <test-method signature="customer_Is_Able_To_See_The_OrderDetails()[pri:22, instance:Oxhead_excel.TestCases@1a6d8329]" started-at="2022-03-17T12:57:47 IST" name="customer_Is_Able_To_See_The_OrderDetails" finished-at="2022-03-17T12:58:12 IST" duration-ms="25382" status="PASS">
          <reporter-output>
          </reporter-output>
        </test-method> <!-- customer_Is_Able_To_See_The_OrderDetails -->
        <test-method is-config="true" signature="getResult(org.testng.ITestResult)[pri:0, instance:Oxhead_excel.TestCases@1a6d8329]" started-at="2022-03-17T12:58:12 IST" name="getResult" finished-at="2022-03-17T12:58:13 IST" duration-ms="794" status="PASS">
          <params>
            <param index="0">
              <value>
                <![CDATA[[TestResult name=customer_Is_Able_To_See_The_OrderDetails status=SUCCESS method=TestCases.customer_Is_Able_To_See_The_OrderDetails()[pri:22, instance:Oxhead_excel.TestCases@1a6d8329] output={null}]]]>
              </value>
            </param>
          </params>
          <reporter-output>
          </reporter-output>
        </test-method> <!-- getResult -->
        <test-method is-config="true" signature="setUp()[pri:0, instance:Oxhead_excel.TestCases@1a6d8329]" started-at="2022-03-17T12:58:13 IST" name="setUp" finished-at="2022-03-17T12:58:23 IST" duration-ms="10109" status="PASS">
          <reporter-output>
          </reporter-output>
        </test-method> <!-- setUp -->
        <test-method signature="Customer_Is_Able_To_Do_Logout()[pri:23, instance:Oxhead_excel.TestCases@1a6d8329]" started-at="2022-03-17T12:58:23 IST" name="Customer_Is_Able_To_Do_Logout" finished-at="2022-03-17T12:58:45 IST" duration-ms="21256" status="PASS">
          <reporter-output>
          </reporter-output>
        </test-method> <!-- Customer_Is_Able_To_Do_Logout -->
        <test-method is-config="true" signature="getResult(org.testng.ITestResult)[pri:0, instance:Oxhead_excel.TestCases@1a6d8329]" started-at="2022-03-17T12:58:45 IST" name="getResult" finished-at="2022-03-17T12:58:45 IST" duration-ms="927" status="PASS">
          <params>
            <param index="0">
              <value>
                <![CDATA[[TestResult name=Customer_Is_Able_To_Do_Logout status=SUCCESS method=TestCases.Customer_Is_Able_To_Do_Logout()[pri:23, instance:Oxhead_excel.TestCases@1a6d8329] output={null}]]]>
              </value>
            </param>
          </params>
          <reporter-output>
          </reporter-output>
        </test-method> <!-- getResult -->
        <test-method is-config="true" signature="setUp()[pri:0, instance:Oxhead_excel.TestCases@1a6d8329]" started-at="2022-03-17T12:58:45 IST" name="setUp" finished-at="2022-03-17T12:58:59 IST" duration-ms="13620" status="PASS">
          <reporter-output>
          </reporter-output>
        </test-method> <!-- setUp -->
        <test-method signature="Customer_Is_Able_To_Logout_From_The_Application()[pri:24, instance:Oxhead_excel.TestCases@1a6d8329]" started-at="2022-03-17T12:58:59 IST" name="Customer_Is_Able_To_Logout_From_The_Application" finished-at="2022-03-17T12:59:20 IST" duration-ms="20683" status="PASS">
          <reporter-output>
          </reporter-output>
        </test-method> <!-- Customer_Is_Able_To_Logout_From_The_Application -->
        <test-method is-config="true" signature="getResult(org.testng.ITestResult)[pri:0, instance:Oxhead_excel.TestCases@1a6d8329]" started-at="2022-03-17T12:59:20 IST" name="getResult" finished-at="2022-03-17T12:59:21 IST" duration-ms="1050" status="PASS">
          <params>
            <param index="0">
              <value>
                <![CDATA[[TestResult name=Customer_Is_Able_To_Logout_From_The_Application status=SUCCESS method=TestCases.Customer_Is_Able_To_Logout_From_The_Application()[pri:24, instance:Oxhead_excel.TestCases@1a6d8329] output={null}]]]>
              </value>
            </param>
          </params>
          <reporter-output>
          </reporter-output>
        </test-method> <!-- getResult -->
        <test-method is-config="true" signature="setUp()[pri:0, instance:Oxhead_excel.TestCases@1a6d8329]" started-at="2022-03-17T12:59:21 IST" name="setUp" finished-at="2022-03-17T12:59:37 IST" duration-ms="15888" status="PASS">
          <reporter-output>
          </reporter-output>
        </test-method> <!-- setUp -->
        <test-method signature="Customer_Is_Able_To_See_The_AllProducts_On_Browse_Catagories()[pri:25, instance:Oxhead_excel.TestCases@1a6d8329]" started-at="2022-03-17T12:59:37 IST" name="Customer_Is_Able_To_See_The_AllProducts_On_Browse_Catagories" finished-at="2022-03-17T12:59:54 IST" duration-ms="17024" status="PASS">
          <reporter-output>
          </reporter-output>
        </test-method> <!-- Customer_Is_Able_To_See_The_AllProducts_On_Browse_Catagories -->
        <test-method is-config="true" signature="getResult(org.testng.ITestResult)[pri:0, instance:Oxhead_excel.TestCases@1a6d8329]" started-at="2022-03-17T12:59:54 IST" name="getResult" finished-at="2022-03-17T12:59:55 IST" duration-ms="886" status="PASS">
          <params>
            <param index="0">
              <value>
                <![CDATA[[TestResult name=Customer_Is_Able_To_See_The_AllProducts_On_Browse_Catagories status=SUCCESS method=TestCases.Customer_Is_Able_To_See_The_AllProducts_On_Browse_Catagories()[pri:25, instance:Oxhead_excel.TestCases@1a6d8329] output={null}]]]>
              </value>
            </param>
          </params>
          <reporter-output>
          </reporter-output>
        </test-method> <!-- getResult -->
        <test-method is-config="true" signature="setUp()[pri:0, instance:Oxhead_excel.TestCases@1a6d8329]" started-at="2022-03-17T12:59:55 IST" name="setUp" finished-at="2022-03-17T13:00:08 IST" duration-ms="13226" status="PASS">
          <reporter-output>
          </reporter-output>
        </test-method> <!-- setUp -->
        <test-method signature="Customer_Is_Able_To_See_The_Gold_On_Browse_Catagories()[pri:26, instance:Oxhead_excel.TestCases@1a6d8329]" started-at="2022-03-17T13:00:08 IST" name="Customer_Is_Able_To_See_The_Gold_On_Browse_Catagories" finished-at="2022-03-17T13:00:24 IST" duration-ms="15724" status="PASS">
          <reporter-output>
          </reporter-output>
        </test-method> <!-- Customer_Is_Able_To_See_The_Gold_On_Browse_Catagories -->
        <test-method is-config="true" signature="getResult(org.testng.ITestResult)[pri:0, instance:Oxhead_excel.TestCases@1a6d8329]" started-at="2022-03-17T13:00:24 IST" name="getResult" finished-at="2022-03-17T13:00:24 IST" duration-ms="819" status="PASS">
          <params>
            <param index="0">
              <value>
                <![CDATA[[TestResult name=Customer_Is_Able_To_See_The_Gold_On_Browse_Catagories status=SUCCESS method=TestCases.Customer_Is_Able_To_See_The_Gold_On_Browse_Catagories()[pri:26, instance:Oxhead_excel.TestCases@1a6d8329] output={null}]]]>
              </value>
            </param>
          </params>
          <reporter-output>
          </reporter-output>
        </test-method> <!-- getResult -->
        <test-method is-config="true" signature="setUp()[pri:0, instance:Oxhead_excel.TestCases@1a6d8329]" started-at="2022-03-17T13:00:24 IST" name="setUp" finished-at="2022-03-17T13:00:33 IST" duration-ms="8916" status="PASS">
          <reporter-output>
          </reporter-output>
        </test-method> <!-- setUp -->
        <test-method signature="Customer_Is_Able_To_See_The_Palladium_On_Browse_Catagories()[pri:27, instance:Oxhead_excel.TestCases@1a6d8329]" started-at="2022-03-17T13:00:33 IST" name="Customer_Is_Able_To_See_The_Palladium_On_Browse_Catagories" finished-at="2022-03-17T13:00:51 IST" duration-ms="17791" status="PASS">
          <reporter-output>
          </reporter-output>
        </test-method> <!-- Customer_Is_Able_To_See_The_Palladium_On_Browse_Catagories -->
        <test-method is-config="true" signature="getResult(org.testng.ITestResult)[pri:0, instance:Oxhead_excel.TestCases@1a6d8329]" started-at="2022-03-17T13:00:51 IST" name="getResult" finished-at="2022-03-17T13:00:52 IST" duration-ms="839" status="PASS">
          <params>
            <param index="0">
              <value>
                <![CDATA[[TestResult name=Customer_Is_Able_To_See_The_Palladium_On_Browse_Catagories status=SUCCESS method=TestCases.Customer_Is_Able_To_See_The_Palladium_On_Browse_Catagories()[pri:27, instance:Oxhead_excel.TestCases@1a6d8329] output={null}]]]>
              </value>
            </param>
          </params>
          <reporter-output>
          </reporter-output>
        </test-method> <!-- getResult -->
        <test-method is-config="true" signature="setUp()[pri:0, instance:Oxhead_excel.TestCases@1a6d8329]" started-at="2022-03-17T13:00:52 IST" name="setUp" finished-at="2022-03-17T13:01:04 IST" duration-ms="11775" status="PASS">
          <reporter-output>
          </reporter-output>
        </test-method> <!-- setUp -->
        <test-method signature="Customer_Is_Able_To_See_The_Platinum_On_Browse_Catagories()[pri:28, instance:Oxhead_excel.TestCases@1a6d8329]" started-at="2022-03-17T13:01:04 IST" name="Customer_Is_Able_To_See_The_Platinum_On_Browse_Catagories" finished-at="2022-03-17T13:01:21 IST" duration-ms="16871" status="PASS">
          <reporter-output>
          </reporter-output>
        </test-method> <!-- Customer_Is_Able_To_See_The_Platinum_On_Browse_Catagories -->
        <test-method is-config="true" signature="getResult(org.testng.ITestResult)[pri:0, instance:Oxhead_excel.TestCases@1a6d8329]" started-at="2022-03-17T13:01:21 IST" name="getResult" finished-at="2022-03-17T13:01:21 IST" duration-ms="799" status="PASS">
          <params>
            <param index="0">
              <value>
                <![CDATA[[TestResult name=Customer_Is_Able_To_See_The_Platinum_On_Browse_Catagories status=SUCCESS method=TestCases.Customer_Is_Able_To_See_The_Platinum_On_Browse_Catagories()[pri:28, instance:Oxhead_excel.TestCases@1a6d8329] output={null}]]]>
              </value>
            </param>
          </params>
          <reporter-output>
          </reporter-output>
        </test-method> <!-- getResult -->
        <test-method is-config="true" signature="setUp()[pri:0, instance:Oxhead_excel.TestCases@1a6d8329]" started-at="2022-03-17T13:01:21 IST" name="setUp" finished-at="2022-03-17T13:01:36 IST" duration-ms="14564" status="PASS">
          <reporter-output>
          </reporter-output>
        </test-method> <!-- setUp -->
        <test-method signature="Customer_Is_Able_To_See_The_Silver_On_Browse_Catagories()[pri:29, instance:Oxhead_excel.TestCases@1a6d8329]" started-at="2022-03-17T13:01:36 IST" name="Customer_Is_Able_To_See_The_Silver_On_Browse_Catagories" finished-at="2022-03-17T13:01:57 IST" duration-ms="20721" status="PASS">
          <reporter-output>
          </reporter-output>
        </test-method> <!-- Customer_Is_Able_To_See_The_Silver_On_Browse_Catagories -->
        <test-method is-config="true" signature="getResult(org.testng.ITestResult)[pri:0, instance:Oxhead_excel.TestCases@1a6d8329]" started-at="2022-03-17T13:01:57 IST" name="getResult" finished-at="2022-03-17T13:01:57 IST" duration-ms="792" status="PASS">
          <params>
            <param index="0">
              <value>
                <![CDATA[[TestResult name=Customer_Is_Able_To_See_The_Silver_On_Browse_Catagories status=SUCCESS method=TestCases.Customer_Is_Able_To_See_The_Silver_On_Browse_Catagories()[pri:29, instance:Oxhead_excel.TestCases@1a6d8329] output={null}]]]>
              </value>
            </param>
          </params>
          <reporter-output>
          </reporter-output>
        </test-method> <!-- getResult -->
        <test-method is-config="true" signature="setUp()[pri:0, instance:Oxhead_excel.TestCases@1a6d8329]" started-at="2022-03-17T13:01:57 IST" name="setUp" finished-at="2022-03-17T13:02:11 IST" duration-ms="13927" status="PASS">
          <reporter-output>
          </reporter-output>
        </test-method> <!-- setUp -->
        <test-method signature="customer_Is_Able_To_See_The_HomePage()[pri:30, instance:Oxhead_excel.TestCases@1a6d8329]" started-at="2022-03-17T13:02:11 IST" name="customer_Is_Able_To_See_The_HomePage" finished-at="2022-03-17T13:02:25 IST" duration-ms="13693" status="PASS">
          <reporter-output>
          </reporter-output>
        </test-method> <!-- customer_Is_Able_To_See_The_HomePage -->
        <test-method is-config="true" signature="getResult(org.testng.ITestResult)[pri:0, instance:Oxhead_excel.TestCases@1a6d8329]" started-at="2022-03-17T13:02:25 IST" name="getResult" finished-at="2022-03-17T13:02:26 IST" duration-ms="856" status="PASS">
          <params>
            <param index="0">
              <value>
                <![CDATA[[TestResult name=customer_Is_Able_To_See_The_HomePage status=SUCCESS method=TestCases.customer_Is_Able_To_See_The_HomePage()[pri:30, instance:Oxhead_excel.TestCases@1a6d8329] output={null}]]]>
              </value>
            </param>
          </params>
          <reporter-output>
          </reporter-output>
        </test-method> <!-- getResult -->
        <test-method is-config="true" signature="setUp()[pri:0, instance:Oxhead_excel.TestCases@1a6d8329]" started-at="2022-03-17T13:02:26 IST" name="setUp" finished-at="2022-03-17T13:02:36 IST" duration-ms="9797" status="PASS">
          <reporter-output>
          </reporter-output>
        </test-method> <!-- setUp -->
        <test-method signature="Customer_is_able_to_see_the_sticky_header_is_fixed_at_that_place_it_is_comingdown()[pri:31, instance:Oxhead_excel.TestCases@1a6d8329]" started-at="2022-03-17T13:02:36 IST" name="Customer_is_able_to_see_the_sticky_header_is_fixed_at_that_place_it_is_comingdown" finished-at="2022-03-17T13:02:47 IST" duration-ms="10811" status="PASS">
          <reporter-output>
          </reporter-output>
        </test-method> <!-- Customer_is_able_to_see_the_sticky_header_is_fixed_at_that_place_it_is_comingdown -->
        <test-method is-config="true" signature="getResult(org.testng.ITestResult)[pri:0, instance:Oxhead_excel.TestCases@1a6d8329]" started-at="2022-03-17T13:02:47 IST" name="getResult" finished-at="2022-03-17T13:02:47 IST" duration-ms="842" status="PASS">
          <params>
            <param index="0">
              <value>
                <![CDATA[[TestResult name=Customer_is_able_to_see_the_sticky_header_is_fixed_at_that_place_it_is_comingdown status=SUCCESS method=TestCases.Customer_is_able_to_see_the_sticky_header_is_fixed_at_that_place_it_is_comingdown()[pri:31, instance:Oxhead_excel.TestCases@1a6d8329] output={null}]]]>
              </value>
            </param>
          </params>
          <reporter-output>
          </reporter-output>
        </test-method> <!-- getResult -->
        <test-method is-config="true" signature="setUp()[pri:0, instance:Oxhead_excel.TestCases@1a6d8329]" started-at="2022-03-17T13:02:47 IST" name="setUp" finished-at="2022-03-17T13:03:01 IST" duration-ms="13334" status="PASS">
          <reporter-output>
          </reporter-output>
        </test-method> <!-- setUp -->
        <test-method signature="Customer_Is_Able_To_See_The_NewArrivals_Page()[pri:32, instance:Oxhead_excel.TestCases@1a6d8329]" started-at="2022-03-17T13:03:01 IST" name="Customer_Is_Able_To_See_The_NewArrivals_Page" finished-at="2022-03-17T13:03:17 IST" duration-ms="15898" status="PASS">
          <reporter-output>
          </reporter-output>
        </test-method> <!-- Customer_Is_Able_To_See_The_NewArrivals_Page -->
        <test-method is-config="true" signature="getResult(org.testng.ITestResult)[pri:0, instance:Oxhead_excel.TestCases@1a6d8329]" started-at="2022-03-17T13:03:17 IST" name="getResult" finished-at="2022-03-17T13:03:17 IST" duration-ms="796" status="PASS">
          <params>
            <param index="0">
              <value>
                <![CDATA[[TestResult name=Customer_Is_Able_To_See_The_NewArrivals_Page status=SUCCESS method=TestCases.Customer_Is_Able_To_See_The_NewArrivals_Page()[pri:32, instance:Oxhead_excel.TestCases@1a6d8329] output={null}]]]>
              </value>
            </param>
          </params>
          <reporter-output>
          </reporter-output>
        </test-method> <!-- getResult -->
        <test-method is-config="true" signature="setUp()[pri:0, instance:Oxhead_excel.TestCases@1a6d8329]" started-at="2022-03-17T13:03:17 IST" name="setUp" finished-at="2022-03-17T13:03:30 IST" duration-ms="12262" status="PASS">
          <reporter-output>
          </reporter-output>
        </test-method> <!-- setUp -->
        <test-method signature="Customer_Is_Not_Able_To_See_Product_In_ShoppingCart_Page()[pri:33, instance:Oxhead_excel.TestCases@1a6d8329]" started-at="2022-03-17T13:03:30 IST" name="Customer_Is_Not_Able_To_See_Product_In_ShoppingCart_Page" finished-at="2022-03-17T13:03:45 IST" duration-ms="15272" status="PASS">
          <reporter-output>
          </reporter-output>
        </test-method> <!-- Customer_Is_Not_Able_To_See_Product_In_ShoppingCart_Page -->
        <test-method is-config="true" signature="getResult(org.testng.ITestResult)[pri:0, instance:Oxhead_excel.TestCases@1a6d8329]" started-at="2022-03-17T13:03:45 IST" name="getResult" finished-at="2022-03-17T13:03:46 IST" duration-ms="870" status="PASS">
          <params>
            <param index="0">
              <value>
                <![CDATA[[TestResult name=Customer_Is_Not_Able_To_See_Product_In_ShoppingCart_Page status=SUCCESS method=TestCases.Customer_Is_Not_Able_To_See_Product_In_ShoppingCart_Page()[pri:33, instance:Oxhead_excel.TestCases@1a6d8329] output={null}]]]>
              </value>
            </param>
          </params>
          <reporter-output>
          </reporter-output>
        </test-method> <!-- getResult -->
        <test-method is-config="true" signature="setUp()[pri:0, instance:Oxhead_excel.TestCases@1a6d8329]" started-at="2022-03-17T13:03:46 IST" name="setUp" finished-at="2022-03-17T13:03:55 IST" duration-ms="9022" status="PASS">
          <reporter-output>
          </reporter-output>
        </test-method> <!-- setUp -->
        <test-method signature="Customer_Is_Able_To_See_Product_In_ShoppingCart_Page_From_NewArrivals_page()[pri:34, instance:Oxhead_excel.TestCases@1a6d8329]" started-at="2022-03-17T13:03:55 IST" name="Customer_Is_Able_To_See_Product_In_ShoppingCart_Page_From_NewArrivals_page" finished-at="2022-03-17T13:04:30 IST" duration-ms="34824" status="PASS">
          <reporter-output>
          </reporter-output>
        </test-method> <!-- Customer_Is_Able_To_See_Product_In_ShoppingCart_Page_From_NewArrivals_page -->
        <test-method is-config="true" signature="getResult(org.testng.ITestResult)[pri:0, instance:Oxhead_excel.TestCases@1a6d8329]" started-at="2022-03-17T13:04:30 IST" name="getResult" finished-at="2022-03-17T13:04:31 IST" duration-ms="968" status="PASS">
          <params>
            <param index="0">
              <value>
                <![CDATA[[TestResult name=Customer_Is_Able_To_See_Product_In_ShoppingCart_Page_From_NewArrivals_page status=SUCCESS method=TestCases.Customer_Is_Able_To_See_Product_In_ShoppingCart_Page_From_NewArrivals_page()[pri:34, instance:Oxhead_excel.TestCases@1a6d8329] output={null}]]]>
              </value>
            </param>
          </params>
          <reporter-output>
          </reporter-output>
        </test-method> <!-- getResult -->
        <test-method is-config="true" signature="setUp()[pri:0, instance:Oxhead_excel.TestCases@1a6d8329]" started-at="2022-03-17T13:04:31 IST" name="setUp" finished-at="2022-03-17T13:04:40 IST" duration-ms="9243" status="PASS">
          <reporter-output>
          </reporter-output>
        </test-method> <!-- setUp -->
        <test-method signature="Customer_Is_Able_To_See_Product_In_ShoppingCart_Page()[pri:35, instance:Oxhead_excel.TestCases@1a6d8329]" started-at="2022-03-17T13:04:40 IST" name="Customer_Is_Able_To_See_Product_In_ShoppingCart_Page" finished-at="2022-03-17T13:05:03 IST" duration-ms="23168" status="PASS">
          <reporter-output>
          </reporter-output>
        </test-method> <!-- Customer_Is_Able_To_See_Product_In_ShoppingCart_Page -->
        <test-method is-config="true" signature="getResult(org.testng.ITestResult)[pri:0, instance:Oxhead_excel.TestCases@1a6d8329]" started-at="2022-03-17T13:05:03 IST" name="getResult" finished-at="2022-03-17T13:05:04 IST" duration-ms="907" status="PASS">
          <params>
            <param index="0">
              <value>
                <![CDATA[[TestResult name=Customer_Is_Able_To_See_Product_In_ShoppingCart_Page status=SUCCESS method=TestCases.Customer_Is_Able_To_See_Product_In_ShoppingCart_Page()[pri:35, instance:Oxhead_excel.TestCases@1a6d8329] output={null}]]]>
              </value>
            </param>
          </params>
          <reporter-output>
          </reporter-output>
        </test-method> <!-- getResult -->
        <test-method is-config="true" signature="setUp()[pri:0, instance:Oxhead_excel.TestCases@1a6d8329]" started-at="2022-03-17T13:05:04 IST" name="setUp" finished-at="2022-03-17T13:05:17 IST" duration-ms="12958" status="PASS">
          <reporter-output>
          </reporter-output>
        </test-method> <!-- setUp -->
        <test-method signature="Customer_Is_Able_To_See_Shipping_And_Delivery_Page()[pri:36, instance:Oxhead_excel.TestCases@1a6d8329]" started-at="2022-03-17T13:05:17 IST" name="Customer_Is_Able_To_See_Shipping_And_Delivery_Page" finished-at="2022-03-17T13:05:54 IST" duration-ms="37056" status="PASS">
          <reporter-output>
          </reporter-output>
        </test-method> <!-- Customer_Is_Able_To_See_Shipping_And_Delivery_Page -->
        <test-method is-config="true" signature="getResult(org.testng.ITestResult)[pri:0, instance:Oxhead_excel.TestCases@1a6d8329]" started-at="2022-03-17T13:05:54 IST" name="getResult" finished-at="2022-03-17T13:05:55 IST" duration-ms="903" status="PASS">
          <params>
            <param index="0">
              <value>
                <![CDATA[[TestResult name=Customer_Is_Able_To_See_Shipping_And_Delivery_Page status=SUCCESS method=TestCases.Customer_Is_Able_To_See_Shipping_And_Delivery_Page()[pri:36, instance:Oxhead_excel.TestCases@1a6d8329] output={null}]]]>
              </value>
            </param>
          </params>
          <reporter-output>
          </reporter-output>
        </test-method> <!-- getResult -->
        <test-method is-config="true" signature="setUp()[pri:0, instance:Oxhead_excel.TestCases@1a6d8329]" started-at="2022-03-17T13:05:55 IST" name="setUp" finished-at="2022-03-17T13:06:09 IST" duration-ms="13914" status="PASS">
          <reporter-output>
          </reporter-output>
        </test-method> <!-- setUp -->
        <test-method signature="Customer_Is_able_To_Track_The_Cash_On_Delivery()[pri:37, instance:Oxhead_excel.TestCases@1a6d8329]" started-at="2022-03-17T13:06:09 IST" name="Customer_Is_able_To_Track_The_Cash_On_Delivery" finished-at="2022-03-17T13:06:31 IST" duration-ms="22447" status="PASS">
          <reporter-output>
          </reporter-output>
        </test-method> <!-- Customer_Is_able_To_Track_The_Cash_On_Delivery -->
        <test-method is-config="true" signature="getResult(org.testng.ITestResult)[pri:0, instance:Oxhead_excel.TestCases@1a6d8329]" started-at="2022-03-17T13:06:31 IST" name="getResult" finished-at="2022-03-17T13:06:32 IST" duration-ms="828" status="PASS">
          <params>
            <param index="0">
              <value>
                <![CDATA[[TestResult name=Customer_Is_able_To_Track_The_Cash_On_Delivery status=SUCCESS method=TestCases.Customer_Is_able_To_Track_The_Cash_On_Delivery()[pri:37, instance:Oxhead_excel.TestCases@1a6d8329] output={null}]]]>
              </value>
            </param>
          </params>
          <reporter-output>
          </reporter-output>
        </test-method> <!-- getResult -->
        <test-method is-config="true" signature="setUp()[pri:0, instance:Oxhead_excel.TestCases@1a6d8329]" started-at="2022-03-17T13:06:32 IST" name="setUp" finished-at="2022-03-17T13:06:46 IST" duration-ms="13612" status="PASS">
          <reporter-output>
          </reporter-output>
        </test-method> <!-- setUp -->
        <test-method signature="customer_Is_clicking_On_The_Shop_Now_Button_It_Has_To_Redirect_To_That_Particular_Page()[pri:38, instance:Oxhead_excel.TestCases@1a6d8329]" started-at="2022-03-17T13:06:46 IST" name="customer_Is_clicking_On_The_Shop_Now_Button_It_Has_To_Redirect_To_That_Particular_Page" finished-at="2022-03-17T13:07:25 IST" duration-ms="39298" status="PASS">
          <reporter-output>
          </reporter-output>
        </test-method> <!-- customer_Is_clicking_On_The_Shop_Now_Button_It_Has_To_Redirect_To_That_Particular_Page -->
        <test-method is-config="true" signature="getResult(org.testng.ITestResult)[pri:0, instance:Oxhead_excel.TestCases@1a6d8329]" started-at="2022-03-17T13:07:25 IST" name="getResult" finished-at="2022-03-17T13:07:26 IST" duration-ms="885" status="PASS">
          <params>
            <param index="0">
              <value>
                <![CDATA[[TestResult name=customer_Is_clicking_On_The_Shop_Now_Button_It_Has_To_Redirect_To_That_Particular_Page status=SUCCESS method=TestCases.customer_Is_clicking_On_The_Shop_Now_Button_It_Has_To_Redirect_To_That_Particular_Page()[pri:38, instance:Oxhead_excel.TestCases@1a6d8329] output={null}]]]>
              </value>
            </param>
          </params>
          <reporter-output>
          </reporter-output>
        </test-method> <!-- getResult -->
        <test-method is-config="true" signature="setUp()[pri:0, instance:Oxhead_excel.TestCases@1a6d8329]" started-at="2022-03-17T13:07:26 IST" name="setUp" finished-at="2022-03-17T13:07:37 IST" duration-ms="10627" status="PASS">
          <reporter-output>
          </reporter-output>
        </test-method> <!-- setUp -->
        <test-method signature="Customer_Is_Able_To_click_On_The_Shop_Now_Button_It_Has_To_Redirect_To_That_Particular_Page()[pri:39, instance:Oxhead_excel.TestCases@1a6d8329]" started-at="2022-03-17T13:07:37 IST" name="Customer_Is_Able_To_click_On_The_Shop_Now_Button_It_Has_To_Redirect_To_That_Particular_Page" finished-at="2022-03-17T13:07:59 IST" duration-ms="22080" status="PASS">
          <reporter-output>
          </reporter-output>
        </test-method> <!-- Customer_Is_Able_To_click_On_The_Shop_Now_Button_It_Has_To_Redirect_To_That_Particular_Page -->
        <test-method is-config="true" signature="getResult(org.testng.ITestResult)[pri:0, instance:Oxhead_excel.TestCases@1a6d8329]" started-at="2022-03-17T13:07:59 IST" name="getResult" finished-at="2022-03-17T13:08:00 IST" duration-ms="938" status="PASS">
          <params>
            <param index="0">
              <value>
                <![CDATA[[TestResult name=Customer_Is_Able_To_click_On_The_Shop_Now_Button_It_Has_To_Redirect_To_That_Particular_Page status=SUCCESS method=TestCases.Customer_Is_Able_To_click_On_The_Shop_Now_Button_It_Has_To_Redirect_To_That_Particular_Page()[pri:39, instance:Oxhead_excel.TestCases@1a6d8329] output={null}]]]>
              </value>
            </param>
          </params>
          <reporter-output>
          </reporter-output>
        </test-method> <!-- getResult -->
        <test-method is-config="true" signature="tearDown()[pri:0, instance:Oxhead_excel.TestCases@1a6d8329]" started-at="2022-03-17T13:08:00 IST" name="tearDown" finished-at="2022-03-17T13:08:00 IST" duration-ms="473" status="PASS">
          <reporter-output>
          </reporter-output>
        </test-method> <!-- tearDown -->
      </class> <!-- Oxhead_excel.TestCases -->
    </test> <!-- TestOnChromeDriver -->
  </suite> <!-- Suite -->
</testng-results>
