<?xml version="1.0" encoding="UTF-8"?>
<!-- Generated by org.testng.reporters.JUnitXMLReporter -->
<testsuite ignored="4" hostname="LMCLT017" failures="0" tests="35" name="TestOnChromeDriver" time="1086.656" errors="0" timestamp="2022-03-17T13:08:00 IST">
  <testcase classname="Oxhead_excel.TestCases" name="click_On_Remeber_Me_CheckBox" time="13.976"/>
  <testcase classname="Oxhead_excel.TestCases" name="click_On_Lost_Your_Password_Link" time="8.458"/>
  <testcase classname="Oxhead_excel.TestCases" name="click_On_Create_An_Account_Link" time="5.761"/>
  <testcase classname="Oxhead_excel.TestCases" name="click_On_Cross_Mark_Button" time="2.241"/>
  <testcase classname="Oxhead_excel.TestCases" name="click_On_Close_Button" time="0.781"/>
  <testcase classname="Oxhead_excel.TestCases" name="Customer_Ablet_To_Do_SignUp_With_Valid_Email_Address" time="8.957"/>
  <testcase classname="Oxhead_excel.TestCases" name="Customer_is_able_to_enter_products_in_the_Search_for_Products_text_box" time="21.097"/>
  <testcase classname="Oxhead_excel.TestCases" name="Customer_is_able_to_see_No_products_were_found_matching_your_selection_message" time="15.334"/>
  <testcase classname="Oxhead_excel.TestCases" name="select_Allproducts_option_in_the_select_category" time="17.471"/>
  <testcase classname="Oxhead_excel.TestCases" name="select_Gold_option_in_the_select_category" time="16.564"/>
  <testcase classname="Oxhead_excel.TestCases" name="select_Membership_option_in_the_select_category" time="23.168"/>
  <testcase classname="Oxhead_excel.TestCases" name="select_Palladium_option_in_the_select_category" time="15.064"/>
  <testcase classname="Oxhead_excel.TestCases" name="select_Platinum_option_in_the_select_category" time="19.192"/>
  <testcase classname="Oxhead_excel.TestCases" name="select_Silver_option_in_the_select_category" time="19.109"/>
  <testcase classname="Oxhead_excel.TestCases" name="select_Blank_option_in_the_select_category" time="17.026"/>
  <testcase classname="Oxhead_excel.TestCases" name="see_The_Bar_In_The_Palladium_Bullion" time="19.002"/>
  <testcase classname="Oxhead_excel.TestCases" name="Customer_is_able_to_do_the_payment_method_process" time="31.183"/>
  <testcase classname="Oxhead_excel.TestCases" name="customer_Is_Able_To_See_The_OrderDetails" time="25.382"/>
  <testcase classname="Oxhead_excel.TestCases" name="Customer_Is_Able_To_Do_Logout" time="21.256"/>
  <testcase classname="Oxhead_excel.TestCases" name="Customer_Is_Able_To_Logout_From_The_Application" time="20.683"/>
  <testcase classname="Oxhead_excel.TestCases" name="Customer_Is_Able_To_See_The_AllProducts_On_Browse_Catagories" time="17.024"/>
  <testcase classname="Oxhead_excel.TestCases" name="Customer_Is_Able_To_See_The_Gold_On_Browse_Catagories" time="15.724"/>
  <testcase classname="Oxhead_excel.TestCases" name="Customer_Is_Able_To_See_The_Palladium_On_Browse_Catagories" time="17.791"/>
  <testcase classname="Oxhead_excel.TestCases" name="Customer_Is_Able_To_See_The_Platinum_On_Browse_Catagories" time="16.871"/>
  <testcase classname="Oxhead_excel.TestCases" name="Customer_Is_Able_To_See_The_Silver_On_Browse_Catagories" time="20.721"/>
  <testcase classname="Oxhead_excel.TestCases" name="customer_Is_Able_To_See_The_HomePage" time="13.693"/>
  <testcase classname="Oxhead_excel.TestCases" name="Customer_is_able_to_see_the_sticky_header_is_fixed_at_that_place_it_is_comingdown" time="10.811"/>
  <testcase classname="Oxhead_excel.TestCases" name="Customer_Is_Able_To_See_The_NewArrivals_Page" time="15.898"/>
  <testcase classname="Oxhead_excel.TestCases" name="Customer_Is_Not_Able_To_See_Product_In_ShoppingCart_Page" time="15.272"/>
  <testcase classname="Oxhead_excel.TestCases" name="Customer_Is_Able_To_See_Product_In_ShoppingCart_Page_From_NewArrivals_page" time="34.824"/>
  <testcase classname="Oxhead_excel.TestCases" name="Customer_Is_Able_To_See_Product_In_ShoppingCart_Page" time="23.168"/>
  <testcase classname="Oxhead_excel.TestCases" name="Customer_Is_Able_To_See_Shipping_And_Delivery_Page" time="37.056"/>
  <testcase classname="Oxhead_excel.TestCases" name="Customer_Is_able_To_Track_The_Cash_On_Delivery" time="22.447"/>
  <testcase classname="Oxhead_excel.TestCases" name="customer_Is_clicking_On_The_Shop_Now_Button_It_Has_To_Redirect_To_That_Particular_Page" time="39.298"/>
  <testcase classname="Oxhead_excel.TestCases" name="Customer_Is_Able_To_click_On_The_Shop_Now_Button_It_Has_To_Redirect_To_That_Particular_Page" time="22.08"/>
  <testcase classname="Oxhead_excel.TestCases" name="password_Does_Not_Match_Message" time="0.0">
    <ignored/>
  </testcase> <!-- password_Does_Not_Match_Message -->
  <testcase classname="Oxhead_excel.TestCases" name="password_DoesNot_Match_Message" time="0.0">
    <ignored/>
  </testcase> <!-- password_DoesNot_Match_Message -->
  <testcase classname="Oxhead_excel.TestCases" name="password_Has_Been_Reset_Successfully_Message" time="0.0">
    <ignored/>
  </testcase> <!-- password_Has_Been_Reset_Successfully_Message -->
  <testcase classname="Oxhead_excel.TestCases" name="please_Enter_Your_Password_Message" time="0.0">
    <ignored/>
  </testcase> <!-- please_Enter_Your_Password_Message -->
</testsuite> <!-- TestOnChromeDriver -->
