<?xml version="1.0" encoding="UTF-8"?>
<!-- Generated by org.testng.reporters.JUnitXMLReporter -->
<testsuite ignored="38" hostname="LMCLT017" failures="0" tests="1" name="Default test" time="73.124" errors="0" timestamp="2022-03-14T15:52:55 IST">
  <testcase classname="Oxhead.TestCases" name="Customer_Is_Able_To_See_Product_In_ShoppingCart_Page" time="57.002"/>
  <testcase classname="Oxhead.TestCases" name="Customer_Is_Able_To_See_Product_In_ShoppingCart_Page_From_NewArrivals_page" time="0.0">
    <ignored/>
  </testcase> <!-- Customer_Is_Able_To_See_Product_In_ShoppingCart_Page_From_NewArrivals_page -->
  <testcase classname="Oxhead.TestCases" name="click_On_Create_An_Account_Link" time="0.0">
    <ignored/>
  </testcase> <!-- click_On_Create_An_Account_Link -->
  <testcase classname="Oxhead.TestCases" name="password_Does_Not_Match_Message" time="0.0">
    <ignored/>
  </testcase> <!-- password_Does_Not_Match_Message -->
  <testcase classname="Oxhead.TestCases" name="Customer_Is_Able_To_See_The_Platinum_On_Browse_Catagories" time="0.0">
    <ignored/>
  </testcase> <!-- Customer_Is_Able_To_See_The_Platinum_On_Browse_Catagories -->
  <testcase classname="Oxhead.TestCases" name="select_Palladium_option_in_the_select_category" time="0.0">
    <ignored/>
  </testcase> <!-- select_Palladium_option_in_the_select_category -->
  <testcase classname="Oxhead.TestCases" name="Customer_Is_Able_To_See_The_NewArrivals_Page" time="0.0">
    <ignored/>
  </testcase> <!-- Customer_Is_Able_To_See_The_NewArrivals_Page -->
  <testcase classname="Oxhead.TestCases" name="Customer_is_able_to_enter_products_in_the_Search_for_Products_text_box" time="0.0">
    <ignored/>
  </testcase> <!-- Customer_is_able_to_enter_products_in_the_Search_for_Products_text_box -->
  <testcase classname="Oxhead.TestCases" name="Customer_Is_Able_To_Do_Logout" time="0.0">
    <ignored/>
  </testcase> <!-- Customer_Is_Able_To_Do_Logout -->
  <testcase classname="Oxhead.TestCases" name="customer_Is_clicking_On_The_Shop_Now_Button_It_Has_To_Redirect_To_That_Particular_Page" time="0.0">
    <ignored/>
  </testcase> <!-- customer_Is_clicking_On_The_Shop_Now_Button_It_Has_To_Redirect_To_That_Particular_Page -->
  <testcase classname="Oxhead.TestCases" name="Customer_Is_Able_To_See_The_Silver_On_Browse_Catagories" time="0.0">
    <ignored/>
  </testcase> <!-- Customer_Is_Able_To_See_The_Silver_On_Browse_Catagories -->
  <testcase classname="Oxhead.TestCases" name="click_On_Cross_Mark_Button" time="0.0">
    <ignored/>
  </testcase> <!-- click_On_Cross_Mark_Button -->
  <testcase classname="Oxhead.TestCases" name="Customer_Is_Able_To_Logout_From_The_Application" time="0.0">
    <ignored/>
  </testcase> <!-- Customer_Is_Able_To_Logout_From_The_Application -->
  <testcase classname="Oxhead.TestCases" name="select_Allproducts_option_in_the_select_category" time="0.0">
    <ignored/>
  </testcase> <!-- select_Allproducts_option_in_the_select_category -->
  <testcase classname="Oxhead.TestCases" name="please_Enter_Your_Password_Message" time="0.0">
    <ignored/>
  </testcase> <!-- please_Enter_Your_Password_Message -->
  <testcase classname="Oxhead.TestCases" name="Customer_is_able_to_see_the_sticky_header_is_fixed_at_that_place_it_is_comingdown" time="0.0">
    <ignored/>
  </testcase> <!-- Customer_is_able_to_see_the_sticky_header_is_fixed_at_that_place_it_is_comingdown -->
  <testcase classname="Oxhead.TestCases" name="see_The_Bar_In_The_Palladium_Bullion" time="0.0">
    <ignored/>
  </testcase> <!-- see_The_Bar_In_The_Palladium_Bullion -->
  <testcase classname="Oxhead.TestCases" name="Customer_Is_Able_To_See_The_AllProducts_On_Browse_Catagories" time="0.0">
    <ignored/>
  </testcase> <!-- Customer_Is_Able_To_See_The_AllProducts_On_Browse_Catagories -->
  <testcase classname="Oxhead.TestCases" name="password_Has_Been_Reset_Successfully_Message" time="0.0">
    <ignored/>
  </testcase> <!-- password_Has_Been_Reset_Successfully_Message -->
  <testcase classname="Oxhead.TestCases" name="select_Platinum_option_in_the_select_category" time="0.0">
    <ignored/>
  </testcase> <!-- select_Platinum_option_in_the_select_category -->
  <testcase classname="Oxhead.TestCases" name="Customer_Ablet_To_Do_SignUp_With_Valid_Email_Address" time="0.0">
    <ignored/>
  </testcase> <!-- Customer_Ablet_To_Do_SignUp_With_Valid_Email_Address -->
  <testcase classname="Oxhead.TestCases" name="click_On_Close_Button" time="0.0">
    <ignored/>
  </testcase> <!-- click_On_Close_Button -->
  <testcase classname="Oxhead.TestCases" name="select_Silver_option_in_the_select_category" time="0.0">
    <ignored/>
  </testcase> <!-- select_Silver_option_in_the_select_category -->
  <testcase classname="Oxhead.TestCases" name="Customer_is_able_to_do_the_payment_method_process" time="0.0">
    <ignored/>
  </testcase> <!-- Customer_is_able_to_do_the_payment_method_process -->
  <testcase classname="Oxhead.TestCases" name="customer_Is_Able_To_See_The_HomePage" time="0.0">
    <ignored/>
  </testcase> <!-- customer_Is_Able_To_See_The_HomePage -->
  <testcase classname="Oxhead.TestCases" name="Customer_Is_Not_Able_To_See_Product_In_ShoppingCart_Page" time="0.0">
    <ignored/>
  </testcase> <!-- Customer_Is_Not_Able_To_See_Product_In_ShoppingCart_Page -->
  <testcase classname="Oxhead.TestCases" name="click_On_Lost_Your_Password_Link" time="0.0">
    <ignored/>
  </testcase> <!-- click_On_Lost_Your_Password_Link -->
  <testcase classname="Oxhead.TestCases" name="Customer_Is_Able_To_See_The_Palladium_On_Browse_Catagories" time="0.0">
    <ignored/>
  </testcase> <!-- Customer_Is_Able_To_See_The_Palladium_On_Browse_Catagories -->
  <testcase classname="Oxhead.TestCases" name="Customer_Is_Able_To_See_The_Gold_On_Browse_Catagories" time="0.0">
    <ignored/>
  </testcase> <!-- Customer_Is_Able_To_See_The_Gold_On_Browse_Catagories -->
  <testcase classname="Oxhead.TestCases" name="select_Gold_option_in_the_select_category" time="0.0">
    <ignored/>
  </testcase> <!-- select_Gold_option_in_the_select_category -->
  <testcase classname="Oxhead.TestCases" name="Customer_Is_able_To_Track_The_Cash_On_Delivery" time="0.0">
    <ignored/>
  </testcase> <!-- Customer_Is_able_To_Track_The_Cash_On_Delivery -->
  <testcase classname="Oxhead.TestCases" name="Customer_is_able_to_see_No_products_were_found_matching_your_selection_message" time="0.0">
    <ignored/>
  </testcase> <!-- Customer_is_able_to_see_No_products_were_found_matching_your_selection_message -->
  <testcase classname="Oxhead.TestCases" name="click_On_Remeber_Me_CheckBox" time="0.0">
    <ignored/>
  </testcase> <!-- click_On_Remeber_Me_CheckBox -->
  <testcase classname="Oxhead.TestCases" name="customer_Is_Able_To_See_The_OrderDetails" time="0.0">
    <ignored/>
  </testcase> <!-- customer_Is_Able_To_See_The_OrderDetails -->
  <testcase classname="Oxhead.TestCases" name="select_Membership_option_in_the_select_category" time="0.0">
    <ignored/>
  </testcase> <!-- select_Membership_option_in_the_select_category -->
  <testcase classname="Oxhead.TestCases" name="Customer_Is_Able_To_See_Shipping_And_Delivery_Page" time="0.0">
    <ignored/>
  </testcase> <!-- Customer_Is_Able_To_See_Shipping_And_Delivery_Page -->
  <testcase classname="Oxhead.TestCases" name="select_Blank_option_in_the_select_category" time="0.0">
    <ignored/>
  </testcase> <!-- select_Blank_option_in_the_select_category -->
  <testcase classname="Oxhead.TestCases" name="Customer_Is_Able_To_click_On_The_Shop_Now_Button_It_Has_To_Redirect_To_That_Particular_Page" time="0.0">
    <ignored/>
  </testcase> <!-- Customer_Is_Able_To_click_On_The_Shop_Now_Button_It_Has_To_Redirect_To_That_Particular_Page -->
  <testcase classname="Oxhead.TestCases" name="password_DoesNot_Match_Message" time="0.0">
    <ignored/>
  </testcase> <!-- password_DoesNot_Match_Message -->
</testsuite> <!-- Default test -->
